The target system is: Generic -  - arm
The host system is: Linux - 4.4.0-19041-Microsoft - x86_64
Compiling the C compiler identification source file "CMakeCCompilerId.c" succeeded.
Compiler: /usr/bin/arm-none-eabi-gcc 
Build flags: 
Id flags: -c 

The output was:
0


Compilation of the C compiler identification source "CMakeCCompilerId.c" produced "CMakeCCompilerId.o"

The C compiler identification is GNU, found in "/home/batnam/yarc/build/CMakeFiles/3.10.2/CompilerIdC/CMakeCCompilerId.o"

Compiling the CXX compiler identification source file "CMakeCXXCompilerId.cpp" succeeded.
Compiler: /usr/bin/arm-none-eabi-g++ 
Build flags: 
Id flags: -c 

The output was:
0


Compilation of the CXX compiler identification source "CMakeCXXCompilerId.cpp" produced "CMakeCXXCompilerId.o"

The CXX compiler identification is GNU, found in "/home/batnam/yarc/build/CMakeFiles/3.10.2/CompilerIdCXX/CMakeCXXCompilerId.o"

Determining if the C compiler works passed with the following output:
Change Dir: /home/batnam/yarc/build/CMakeFiles/CMakeTmp

Run Build Command:"/usr/bin/make" "cmTC_62eee/fast"
/usr/bin/make -f CMakeFiles/cmTC_62eee.dir/build.make CMakeFiles/cmTC_62eee.dir/build
make[1]: Entering directory '/home/batnam/yarc/build/CMakeFiles/CMakeTmp'
Building C object CMakeFiles/cmTC_62eee.dir/testCCompiler.c.obj
/usr/bin/arm-none-eabi-gcc    -o CMakeFiles/cmTC_62eee.dir/testCCompiler.c.obj   -c /home/batnam/yarc/build/CMakeFiles/CMakeTmp/testCCompiler.c
Linking C static library libcmTC_62eee.a
/usr/bin/cmake -P CMakeFiles/cmTC_62eee.dir/cmake_clean_target.cmake
/usr/bin/cmake -E cmake_link_script CMakeFiles/cmTC_62eee.dir/link.txt --verbose=1
/usr/bin/arm-none-eabi-ar qc libcmTC_62eee.a  CMakeFiles/cmTC_62eee.dir/testCCompiler.c.obj
/usr/bin/arm-none-eabi-ranlib libcmTC_62eee.a
make[1]: Leaving directory '/home/batnam/yarc/build/CMakeFiles/CMakeTmp'


Detecting C compiler ABI info compiled with the following output:
Change Dir: /home/batnam/yarc/build/CMakeFiles/CMakeTmp

Run Build Command:"/usr/bin/make" "cmTC_dc526/fast"
/usr/bin/make -f CMakeFiles/cmTC_dc526.dir/build.make CMakeFiles/cmTC_dc526.dir/build
make[1]: Entering directory '/home/batnam/yarc/build/CMakeFiles/CMakeTmp'
Building C object CMakeFiles/cmTC_dc526.dir/CMakeCCompilerABI.c.obj
/usr/bin/arm-none-eabi-gcc    -o CMakeFiles/cmTC_dc526.dir/CMakeCCompilerABI.c.obj   -c /usr/share/cmake-3.10/Modules/CMakeCCompilerABI.c
Linking C static library libcmTC_dc526.a
/usr/bin/cmake -P CMakeFiles/cmTC_dc526.dir/cmake_clean_target.cmake
/usr/bin/cmake -E cmake_link_script CMakeFiles/cmTC_dc526.dir/link.txt --verbose=1
/usr/bin/arm-none-eabi-ar qc libcmTC_dc526.a  CMakeFiles/cmTC_dc526.dir/CMakeCCompilerABI.c.obj
/usr/bin/arm-none-eabi-ranlib libcmTC_dc526.a
make[1]: Leaving directory '/home/batnam/yarc/build/CMakeFiles/CMakeTmp'


Parsed C implicit link information from above output:
  link line regex: [^( *|.*[/\])(arm-none-eabi-ld|CMAKE_LINK_STARTFILE-NOTFOUND|([^/\]+-)?ld|collect2)[^/\]*( |$)]
  ignore line: [Change Dir: /home/batnam/yarc/build/CMakeFiles/CMakeTmp]
  ignore line: []
  ignore line: [Run Build Command:"/usr/bin/make" "cmTC_dc526/fast"]
  ignore line: [/usr/bin/make -f CMakeFiles/cmTC_dc526.dir/build.make CMakeFiles/cmTC_dc526.dir/build]
  ignore line: [make[1]: Entering directory '/home/batnam/yarc/build/CMakeFiles/CMakeTmp']
  ignore line: [Building C object CMakeFiles/cmTC_dc526.dir/CMakeCCompilerABI.c.obj]
  ignore line: [/usr/bin/arm-none-eabi-gcc    -o CMakeFiles/cmTC_dc526.dir/CMakeCCompilerABI.c.obj   -c /usr/share/cmake-3.10/Modules/CMakeCCompilerABI.c]
  ignore line: [Linking C static library libcmTC_dc526.a]
  ignore line: [/usr/bin/cmake -P CMakeFiles/cmTC_dc526.dir/cmake_clean_target.cmake]
  ignore line: [/usr/bin/cmake -E cmake_link_script CMakeFiles/cmTC_dc526.dir/link.txt --verbose=1]
  ignore line: [/usr/bin/arm-none-eabi-ar qc libcmTC_dc526.a  CMakeFiles/cmTC_dc526.dir/CMakeCCompilerABI.c.obj]
  ignore line: [/usr/bin/arm-none-eabi-ranlib libcmTC_dc526.a]
  ignore line: [make[1]: Leaving directory '/home/batnam/yarc/build/CMakeFiles/CMakeTmp']
  ignore line: []
  implicit libs: []
  implicit dirs: []
  implicit fwks: []




Detecting C [-std=c11] compiler features compiled with the following output:
Change Dir: /home/batnam/yarc/build/CMakeFiles/CMakeTmp

Run Build Command:"/usr/bin/make" "cmTC_54475/fast"
/usr/bin/make -f CMakeFiles/cmTC_54475.dir/build.make CMakeFiles/cmTC_54475.dir/build
make[1]: Entering directory '/home/batnam/yarc/build/CMakeFiles/CMakeTmp'
Building C object CMakeFiles/cmTC_54475.dir/feature_tests.c.obj
/usr/bin/arm-none-eabi-gcc   -std=c11 -o CMakeFiles/cmTC_54475.dir/feature_tests.c.obj   -c /home/batnam/yarc/build/CMakeFiles/feature_tests.c
Linking C static library libcmTC_54475.a
/usr/bin/cmake -P CMakeFiles/cmTC_54475.dir/cmake_clean_target.cmake
/usr/bin/cmake -E cmake_link_script CMakeFiles/cmTC_54475.dir/link.txt --verbose=1
/usr/bin/arm-none-eabi-ar qc libcmTC_54475.a  CMakeFiles/cmTC_54475.dir/feature_tests.c.obj
/usr/bin/arm-none-eabi-ranlib libcmTC_54475.a
make[1]: Leaving directory '/home/batnam/yarc/build/CMakeFiles/CMakeTmp'


    Feature record: C_FEATURE:1c_function_prototypes
    Feature record: C_FEATURE:1c_restrict
    Feature record: C_FEATURE:1c_static_assert
    Feature record: C_FEATURE:1c_variadic_macros


Detecting C [-std=c99] compiler features compiled with the following output:
Change Dir: /home/batnam/yarc/build/CMakeFiles/CMakeTmp

Run Build Command:"/usr/bin/make" "cmTC_8079f/fast"
/usr/bin/make -f CMakeFiles/cmTC_8079f.dir/build.make CMakeFiles/cmTC_8079f.dir/build
make[1]: Entering directory '/home/batnam/yarc/build/CMakeFiles/CMakeTmp'
Building C object CMakeFiles/cmTC_8079f.dir/feature_tests.c.obj
/usr/bin/arm-none-eabi-gcc   -std=c99 -o CMakeFiles/cmTC_8079f.dir/feature_tests.c.obj   -c /home/batnam/yarc/build/CMakeFiles/feature_tests.c
Linking C static library libcmTC_8079f.a
/usr/bin/cmake -P CMakeFiles/cmTC_8079f.dir/cmake_clean_target.cmake
/usr/bin/cmake -E cmake_link_script CMakeFiles/cmTC_8079f.dir/link.txt --verbose=1
/usr/bin/arm-none-eabi-ar qc libcmTC_8079f.a  CMakeFiles/cmTC_8079f.dir/feature_tests.c.obj
/usr/bin/arm-none-eabi-ranlib libcmTC_8079f.a
make[1]: Leaving directory '/home/batnam/yarc/build/CMakeFiles/CMakeTmp'


    Feature record: C_FEATURE:1c_function_prototypes
    Feature record: C_FEATURE:1c_restrict
    Feature record: C_FEATURE:0c_static_assert
    Feature record: C_FEATURE:1c_variadic_macros


Detecting C [-std=c90] compiler features compiled with the following output:
Change Dir: /home/batnam/yarc/build/CMakeFiles/CMakeTmp

Run Build Command:"/usr/bin/make" "cmTC_5a8d3/fast"
/usr/bin/make -f CMakeFiles/cmTC_5a8d3.dir/build.make CMakeFiles/cmTC_5a8d3.dir/build
make[1]: Entering directory '/home/batnam/yarc/build/CMakeFiles/CMakeTmp'
Building C object CMakeFiles/cmTC_5a8d3.dir/feature_tests.c.obj
/usr/bin/arm-none-eabi-gcc   -std=c90 -o CMakeFiles/cmTC_5a8d3.dir/feature_tests.c.obj   -c /home/batnam/yarc/build/CMakeFiles/feature_tests.c
Linking C static library libcmTC_5a8d3.a
/usr/bin/cmake -P CMakeFiles/cmTC_5a8d3.dir/cmake_clean_target.cmake
/usr/bin/cmake -E cmake_link_script CMakeFiles/cmTC_5a8d3.dir/link.txt --verbose=1
/usr/bin/arm-none-eabi-ar qc libcmTC_5a8d3.a  CMakeFiles/cmTC_5a8d3.dir/feature_tests.c.obj
/usr/bin/arm-none-eabi-ranlib libcmTC_5a8d3.a
make[1]: Leaving directory '/home/batnam/yarc/build/CMakeFiles/CMakeTmp'


    Feature record: C_FEATURE:1c_function_prototypes
    Feature record: C_FEATURE:0c_restrict
    Feature record: C_FEATURE:0c_static_assert
    Feature record: C_FEATURE:0c_variadic_macros
Determining if the CXX compiler works passed with the following output:
Change Dir: /home/batnam/yarc/build/CMakeFiles/CMakeTmp

Run Build Command:"/usr/bin/make" "cmTC_35fe4/fast"
/usr/bin/make -f CMakeFiles/cmTC_35fe4.dir/build.make CMakeFiles/cmTC_35fe4.dir/build
make[1]: Entering directory '/home/batnam/yarc/build/CMakeFiles/CMakeTmp'
Building CXX object CMakeFiles/cmTC_35fe4.dir/testCXXCompiler.cxx.obj
/usr/bin/arm-none-eabi-g++     -o CMakeFiles/cmTC_35fe4.dir/testCXXCompiler.cxx.obj -c /home/batnam/yarc/build/CMakeFiles/CMakeTmp/testCXXCompiler.cxx
Linking CXX static library libcmTC_35fe4.a
/usr/bin/cmake -P CMakeFiles/cmTC_35fe4.dir/cmake_clean_target.cmake
/usr/bin/cmake -E cmake_link_script CMakeFiles/cmTC_35fe4.dir/link.txt --verbose=1
/usr/bin/arm-none-eabi-ar qc libcmTC_35fe4.a  CMakeFiles/cmTC_35fe4.dir/testCXXCompiler.cxx.obj
/usr/bin/arm-none-eabi-ranlib libcmTC_35fe4.a
make[1]: Leaving directory '/home/batnam/yarc/build/CMakeFiles/CMakeTmp'


Detecting CXX compiler ABI info compiled with the following output:
Change Dir: /home/batnam/yarc/build/CMakeFiles/CMakeTmp

Run Build Command:"/usr/bin/make" "cmTC_879ae/fast"
/usr/bin/make -f CMakeFiles/cmTC_879ae.dir/build.make CMakeFiles/cmTC_879ae.dir/build
make[1]: Entering directory '/home/batnam/yarc/build/CMakeFiles/CMakeTmp'
Building CXX object CMakeFiles/cmTC_879ae.dir/CMakeCXXCompilerABI.cpp.obj
/usr/bin/arm-none-eabi-g++     -o CMakeFiles/cmTC_879ae.dir/CMakeCXXCompilerABI.cpp.obj -c /usr/share/cmake-3.10/Modules/CMakeCXXCompilerABI.cpp
Linking CXX static library libcmTC_879ae.a
/usr/bin/cmake -P CMakeFiles/cmTC_879ae.dir/cmake_clean_target.cmake
/usr/bin/cmake -E cmake_link_script CMakeFiles/cmTC_879ae.dir/link.txt --verbose=1
/usr/bin/arm-none-eabi-ar qc libcmTC_879ae.a  CMakeFiles/cmTC_879ae.dir/CMakeCXXCompilerABI.cpp.obj
/usr/bin/arm-none-eabi-ranlib libcmTC_879ae.a
make[1]: Leaving directory '/home/batnam/yarc/build/CMakeFiles/CMakeTmp'


Parsed CXX implicit link information from above output:
  link line regex: [^( *|.*[/\])(arm-none-eabi-ld|CMAKE_LINK_STARTFILE-NOTFOUND|([^/\]+-)?ld|collect2)[^/\]*( |$)]
  ignore line: [Change Dir: /home/batnam/yarc/build/CMakeFiles/CMakeTmp]
  ignore line: []
  ignore line: [Run Build Command:"/usr/bin/make" "cmTC_879ae/fast"]
  ignore line: [/usr/bin/make -f CMakeFiles/cmTC_879ae.dir/build.make CMakeFiles/cmTC_879ae.dir/build]
  ignore line: [make[1]: Entering directory '/home/batnam/yarc/build/CMakeFiles/CMakeTmp']
  ignore line: [Building CXX object CMakeFiles/cmTC_879ae.dir/CMakeCXXCompilerABI.cpp.obj]
  ignore line: [/usr/bin/arm-none-eabi-g++     -o CMakeFiles/cmTC_879ae.dir/CMakeCXXCompilerABI.cpp.obj -c /usr/share/cmake-3.10/Modules/CMakeCXXCompilerABI.cpp]
  ignore line: [Linking CXX static library libcmTC_879ae.a]
  ignore line: [/usr/bin/cmake -P CMakeFiles/cmTC_879ae.dir/cmake_clean_target.cmake]
  ignore line: [/usr/bin/cmake -E cmake_link_script CMakeFiles/cmTC_879ae.dir/link.txt --verbose=1]
  ignore line: [/usr/bin/arm-none-eabi-ar qc libcmTC_879ae.a  CMakeFiles/cmTC_879ae.dir/CMakeCXXCompilerABI.cpp.obj]
  ignore line: [/usr/bin/arm-none-eabi-ranlib libcmTC_879ae.a]
  ignore line: [make[1]: Leaving directory '/home/batnam/yarc/build/CMakeFiles/CMakeTmp']
  ignore line: []
  implicit libs: []
  implicit dirs: []
  implicit fwks: []




Detecting CXX [-std=c++1z] compiler features compiled with the following output:
Change Dir: /home/batnam/yarc/build/CMakeFiles/CMakeTmp

Run Build Command:"/usr/bin/make" "cmTC_6f2ac/fast"
/usr/bin/make -f CMakeFiles/cmTC_6f2ac.dir/build.make CMakeFiles/cmTC_6f2ac.dir/build
make[1]: Entering directory '/home/batnam/yarc/build/CMakeFiles/CMakeTmp'
Building CXX object CMakeFiles/cmTC_6f2ac.dir/feature_tests.cxx.obj
/usr/bin/arm-none-eabi-g++    -std=c++1z -o CMakeFiles/cmTC_6f2ac.dir/feature_tests.cxx.obj -c /home/batnam/yarc/build/CMakeFiles/feature_tests.cxx
Linking CXX static library libcmTC_6f2ac.a
/usr/bin/cmake -P CMakeFiles/cmTC_6f2ac.dir/cmake_clean_target.cmake
/usr/bin/cmake -E cmake_link_script CMakeFiles/cmTC_6f2ac.dir/link.txt --verbose=1
/usr/bin/arm-none-eabi-ar qc libcmTC_6f2ac.a  CMakeFiles/cmTC_6f2ac.dir/feature_tests.cxx.obj
/usr/bin/arm-none-eabi-ranlib libcmTC_6f2ac.a
make[1]: Leaving directory '/home/batnam/yarc/build/CMakeFiles/CMakeTmp'


    Feature record: CXX_FEATURE:1cxx_aggregate_default_initializers
    Feature record: CXX_FEATURE:1cxx_alias_templates
    Feature record: CXX_FEATURE:1cxx_alignas
    Feature record: CXX_FEATURE:1cxx_alignof
    Feature record: CXX_FEATURE:1cxx_attributes
    Feature record: CXX_FEATURE:1cxx_attribute_deprecated
    Feature record: CXX_FEATURE:1cxx_auto_type
    Feature record: CXX_FEATURE:1cxx_binary_literals
    Feature record: CXX_FEATURE:1cxx_constexpr
    Feature record: CXX_FEATURE:1cxx_contextual_conversions
    Feature record: CXX_FEATURE:1cxx_decltype
    Feature record: CXX_FEATURE:1cxx_decltype_auto
    Feature record: CXX_FEATURE:1cxx_decltype_incomplete_return_types
    Feature record: CXX_FEATURE:1cxx_default_function_template_args
    Feature record: CXX_FEATURE:1cxx_defaulted_functions
    Feature record: CXX_FEATURE:1cxx_defaulted_move_initializers
    Feature record: CXX_FEATURE:1cxx_delegating_constructors
    Feature record: CXX_FEATURE:1cxx_deleted_functions
    Feature record: CXX_FEATURE:1cxx_digit_separators
    Feature record: CXX_FEATURE:1cxx_enum_forward_declarations
    Feature record: CXX_FEATURE:1cxx_explicit_conversions
    Feature record: CXX_FEATURE:1cxx_extended_friend_declarations
    Feature record: CXX_FEATURE:1cxx_extern_templates
    Feature record: CXX_FEATURE:1cxx_final
    Feature record: CXX_FEATURE:1cxx_func_identifier
    Feature record: CXX_FEATURE:1cxx_generalized_initializers
    Feature record: CXX_FEATURE:1cxx_generic_lambdas
    Feature record: CXX_FEATURE:1cxx_inheriting_constructors
    Feature record: CXX_FEATURE:1cxx_inline_namespaces
    Feature record: CXX_FEATURE:1cxx_lambdas
    Feature record: CXX_FEATURE:1cxx_lambda_init_captures
    Feature record: CXX_FEATURE:1cxx_local_type_template_args
    Feature record: CXX_FEATURE:1cxx_long_long_type
    Feature record: CXX_FEATURE:1cxx_noexcept
    Feature record: CXX_FEATURE:1cxx_nonstatic_member_init
    Feature record: CXX_FEATURE:1cxx_nullptr
    Feature record: CXX_FEATURE:1cxx_override
    Feature record: CXX_FEATURE:1cxx_range_for
    Feature record: CXX_FEATURE:1cxx_raw_string_literals
    Feature record: CXX_FEATURE:1cxx_reference_qualified_functions
    Feature record: CXX_FEATURE:1cxx_relaxed_constexpr
    Feature record: CXX_FEATURE:1cxx_return_type_deduction
    Feature record: CXX_FEATURE:1cxx_right_angle_brackets
    Feature record: CXX_FEATURE:1cxx_rvalue_references
    Feature record: CXX_FEATURE:1cxx_sizeof_member
    Feature record: CXX_FEATURE:1cxx_static_assert
    Feature record: CXX_FEATURE:1cxx_strong_enums
    Feature record: CXX_FEATURE:1cxx_template_template_parameters
    Feature record: CXX_FEATURE:1cxx_thread_local
    Feature record: CXX_FEATURE:1cxx_trailing_return_types
    Feature record: CXX_FEATURE:1cxx_unicode_literals
    Feature record: CXX_FEATURE:1cxx_uniform_initialization
    Feature record: CXX_FEATURE:1cxx_unrestricted_unions
    Feature record: CXX_FEATURE:1cxx_user_literals
    Feature record: CXX_FEATURE:1cxx_variable_templates
    Feature record: CXX_FEATURE:1cxx_variadic_macros
    Feature record: CXX_FEATURE:1cxx_variadic_templates


Detecting CXX [-std=c++14] compiler features compiled with the following output:
Change Dir: /home/batnam/yarc/build/CMakeFiles/CMakeTmp

Run Build Command:"/usr/bin/make" "cmTC_fe844/fast"
/usr/bin/make -f CMakeFiles/cmTC_fe844.dir/build.make CMakeFiles/cmTC_fe844.dir/build
make[1]: Entering directory '/home/batnam/yarc/build/CMakeFiles/CMakeTmp'
Building CXX object CMakeFiles/cmTC_fe844.dir/feature_tests.cxx.obj
/usr/bin/arm-none-eabi-g++    -std=c++14 -o CMakeFiles/cmTC_fe844.dir/feature_tests.cxx.obj -c /home/batnam/yarc/build/CMakeFiles/feature_tests.cxx
Linking CXX static library libcmTC_fe844.a
/usr/bin/cmake -P CMakeFiles/cmTC_fe844.dir/cmake_clean_target.cmake
/usr/bin/cmake -E cmake_link_script CMakeFiles/cmTC_fe844.dir/link.txt --verbose=1
/usr/bin/arm-none-eabi-ar qc libcmTC_fe844.a  CMakeFiles/cmTC_fe844.dir/feature_tests.cxx.obj
/usr/bin/arm-none-eabi-ranlib libcmTC_fe844.a
make[1]: Leaving directory '/home/batnam/yarc/build/CMakeFiles/CMakeTmp'


    Feature record: CXX_FEATURE:1cxx_aggregate_default_initializers
    Feature record: CXX_FEATURE:1cxx_alias_templates
    Feature record: CXX_FEATURE:1cxx_alignas
    Feature record: CXX_FEATURE:1cxx_alignof
    Feature record: CXX_FEATURE:1cxx_attributes
    Feature record: CXX_FEATURE:1cxx_attribute_deprecated
    Feature record: CXX_FEATURE:1cxx_auto_type
    Feature record: CXX_FEATURE:1cxx_binary_literals
    Feature record: CXX_FEATURE:1cxx_constexpr
    Feature record: CXX_FEATURE:1cxx_contextual_conversions
    Feature record: CXX_FEATURE:1cxx_decltype
    Feature record: CXX_FEATURE:1cxx_decltype_auto
    Feature record: CXX_FEATURE:1cxx_decltype_incomplete_return_types
    Feature record: CXX_FEATURE:1cxx_default_function_template_args
    Feature record: CXX_FEATURE:1cxx_defaulted_functions
    Feature record: CXX_FEATURE:1cxx_defaulted_move_initializers
    Feature record: CXX_FEATURE:1cxx_delegating_constructors
    Feature record: CXX_FEATURE:1cxx_deleted_functions
    Feature record: CXX_FEATURE:1cxx_digit_separators
    Feature record: CXX_FEATURE:1cxx_enum_forward_declarations
    Feature record: CXX_FEATURE:1cxx_explicit_conversions
    Feature record: CXX_FEATURE:1cxx_extended_friend_declarations
    Feature record: CXX_FEATURE:1cxx_extern_templates
    Feature record: CXX_FEATURE:1cxx_final
    Feature record: CXX_FEATURE:1cxx_func_identifier
    Feature record: CXX_FEATURE:1cxx_generalized_initializers
    Feature record: CXX_FEATURE:1cxx_generic_lambdas
    Feature record: CXX_FEATURE:1cxx_inheriting_constructors
    Feature record: CXX_FEATURE:1cxx_inline_namespaces
    Feature record: CXX_FEATURE:1cxx_lambdas
    Feature record: CXX_FEATURE:1cxx_lambda_init_captures
    Feature record: CXX_FEATURE:1cxx_local_type_template_args
    Feature record: CXX_FEATURE:1cxx_long_long_type
    Feature record: CXX_FEATURE:1cxx_noexcept
    Feature record: CXX_FEATURE:1cxx_nonstatic_member_init
    Feature record: CXX_FEATURE:1cxx_nullptr
    Feature record: CXX_FEATURE:1cxx_override
    Feature record: CXX_FEATURE:1cxx_range_for
    Feature record: CXX_FEATURE:1cxx_raw_string_literals
    Feature record: CXX_FEATURE:1cxx_reference_qualified_functions
    Feature record: CXX_FEATURE:1cxx_relaxed_constexpr
    Feature record: CXX_FEATURE:1cxx_return_type_deduction
    Feature record: CXX_FEATURE:1cxx_right_angle_brackets
    Feature record: CXX_FEATURE:1cxx_rvalue_references
    Feature record: CXX_FEATURE:1cxx_sizeof_member
    Feature record: CXX_FEATURE:1cxx_static_assert
    Feature record: CXX_FEATURE:1cxx_strong_enums
    Feature record: CXX_FEATURE:1cxx_template_template_parameters
    Feature record: CXX_FEATURE:1cxx_thread_local
    Feature record: CXX_FEATURE:1cxx_trailing_return_types
    Feature record: CXX_FEATURE:1cxx_unicode_literals
    Feature record: CXX_FEATURE:1cxx_uniform_initialization
    Feature record: CXX_FEATURE:1cxx_unrestricted_unions
    Feature record: CXX_FEATURE:1cxx_user_literals
    Feature record: CXX_FEATURE:1cxx_variable_templates
    Feature record: CXX_FEATURE:1cxx_variadic_macros
    Feature record: CXX_FEATURE:1cxx_variadic_templates


Detecting CXX [-std=c++11] compiler features compiled with the following output:
Change Dir: /home/batnam/yarc/build/CMakeFiles/CMakeTmp

Run Build Command:"/usr/bin/make" "cmTC_55afa/fast"
/usr/bin/make -f CMakeFiles/cmTC_55afa.dir/build.make CMakeFiles/cmTC_55afa.dir/build
make[1]: Entering directory '/home/batnam/yarc/build/CMakeFiles/CMakeTmp'
Building CXX object CMakeFiles/cmTC_55afa.dir/feature_tests.cxx.obj
/usr/bin/arm-none-eabi-g++    -std=c++11 -o CMakeFiles/cmTC_55afa.dir/feature_tests.cxx.obj -c /home/batnam/yarc/build/CMakeFiles/feature_tests.cxx
Linking CXX static library libcmTC_55afa.a
/usr/bin/cmake -P CMakeFiles/cmTC_55afa.dir/cmake_clean_target.cmake
/usr/bin/cmake -E cmake_link_script CMakeFiles/cmTC_55afa.dir/link.txt --verbose=1
/usr/bin/arm-none-eabi-ar qc libcmTC_55afa.a  CMakeFiles/cmTC_55afa.dir/feature_tests.cxx.obj
/usr/bin/arm-none-eabi-ranlib libcmTC_55afa.a
make[1]: Leaving directory '/home/batnam/yarc/build/CMakeFiles/CMakeTmp'


    Feature record: CXX_FEATURE:0cxx_aggregate_default_initializers
    Feature record: CXX_FEATURE:1cxx_alias_templates
    Feature record: CXX_FEATURE:1cxx_alignas
    Feature record: CXX_FEATURE:1cxx_alignof
    Feature record: CXX_FEATURE:1cxx_attributes
    Feature record: CXX_FEATURE:0cxx_attribute_deprecated
    Feature record: CXX_FEATURE:1cxx_auto_type
    Feature record: CXX_FEATURE:0cxx_binary_literals
    Feature record: CXX_FEATURE:1cxx_constexpr
    Feature record: CXX_FEATURE:0cxx_contextual_conversions
    Feature record: CXX_FEATURE:1cxx_decltype
    Feature record: CXX_FEATURE:0cxx_decltype_auto
    Feature record: CXX_FEATURE:1cxx_decltype_incomplete_return_types
    Feature record: CXX_FEATURE:1cxx_default_function_template_args
    Feature record: CXX_FEATURE:1cxx_defaulted_functions
    Feature record: CXX_FEATURE:1cxx_defaulted_move_initializers
    Feature record: CXX_FEATURE:1cxx_delegating_constructors
    Feature record: CXX_FEATURE:1cxx_deleted_functions
    Feature record: CXX_FEATURE:0cxx_digit_separators
    Feature record: CXX_FEATURE:1cxx_enum_forward_declarations
    Feature record: CXX_FEATURE:1cxx_explicit_conversions
    Feature record: CXX_FEATURE:1cxx_extended_friend_declarations
    Feature record: CXX_FEATURE:1cxx_extern_templates
    Feature record: CXX_FEATURE:1cxx_final
    Feature record: CXX_FEATURE:1cxx_func_identifier
    Feature record: CXX_FEATURE:1cxx_generalized_initializers
    Feature record: CXX_FEATURE:0cxx_generic_lambdas
    Feature record: CXX_FEATURE:1cxx_inheriting_constructors
    Feature record: CXX_FEATURE:1cxx_inline_namespaces
    Feature record: CXX_FEATURE:1cxx_lambdas
    Feature record: CXX_FEATURE:0cxx_lambda_init_captures
    Feature record: CXX_FEATURE:1cxx_local_type_template_args
    Feature record: CXX_FEATURE:1cxx_long_long_type
    Feature record: CXX_FEATURE:1cxx_noexcept
    Feature record: CXX_FEATURE:1cxx_nonstatic_member_init
    Feature record: CXX_FEATURE:1cxx_nullptr
    Feature record: CXX_FEATURE:1cxx_override
    Feature record: CXX_FEATURE:1cxx_range_for
    Feature record: CXX_FEATURE:1cxx_raw_string_literals
    Feature record: CXX_FEATURE:1cxx_reference_qualified_functions
    Feature record: CXX_FEATURE:0cxx_relaxed_constexpr
    Feature record: CXX_FEATURE:0cxx_return_type_deduction
    Feature record: CXX_FEATURE:1cxx_right_angle_brackets
    Feature record: CXX_FEATURE:1cxx_rvalue_references
    Feature record: CXX_FEATURE:1cxx_sizeof_member
    Feature record: CXX_FEATURE:1cxx_static_assert
    Feature record: CXX_FEATURE:1cxx_strong_enums
    Feature record: CXX_FEATURE:1cxx_template_template_parameters
    Feature record: CXX_FEATURE:1cxx_thread_local
    Feature record: CXX_FEATURE:1cxx_trailing_return_types
    Feature record: CXX_FEATURE:1cxx_unicode_literals
    Feature record: CXX_FEATURE:1cxx_uniform_initialization
    Feature record: CXX_FEATURE:1cxx_unrestricted_unions
    Feature record: CXX_FEATURE:1cxx_user_literals
    Feature record: CXX_FEATURE:0cxx_variable_templates
    Feature record: CXX_FEATURE:1cxx_variadic_macros
    Feature record: CXX_FEATURE:1cxx_variadic_templates


Detecting CXX [-std=c++98] compiler features compiled with the following output:
Change Dir: /home/batnam/yarc/build/CMakeFiles/CMakeTmp

Run Build Command:"/usr/bin/make" "cmTC_6974a/fast"
/usr/bin/make -f CMakeFiles/cmTC_6974a.dir/build.make CMakeFiles/cmTC_6974a.dir/build
make[1]: Entering directory '/home/batnam/yarc/build/CMakeFiles/CMakeTmp'
Building CXX object CMakeFiles/cmTC_6974a.dir/feature_tests.cxx.obj
/usr/bin/arm-none-eabi-g++    -std=c++98 -o CMakeFiles/cmTC_6974a.dir/feature_tests.cxx.obj -c /home/batnam/yarc/build/CMakeFiles/feature_tests.cxx
Linking CXX static library libcmTC_6974a.a
/usr/bin/cmake -P CMakeFiles/cmTC_6974a.dir/cmake_clean_target.cmake
/usr/bin/cmake -E cmake_link_script CMakeFiles/cmTC_6974a.dir/link.txt --verbose=1
/usr/bin/arm-none-eabi-ar qc libcmTC_6974a.a  CMakeFiles/cmTC_6974a.dir/feature_tests.cxx.obj
/usr/bin/arm-none-eabi-ranlib libcmTC_6974a.a
make[1]: Leaving directory '/home/batnam/yarc/build/CMakeFiles/CMakeTmp'


    Feature record: CXX_FEATURE:0cxx_aggregate_default_initializers
    Feature record: CXX_FEATURE:0cxx_alias_templates
    Feature record: CXX_FEATURE:0cxx_alignas
    Feature record: CXX_FEATURE:0cxx_alignof
    Feature record: CXX_FEATURE:0cxx_attributes
    Feature record: CXX_FEATURE:0cxx_attribute_deprecated
    Feature record: CXX_FEATURE:0cxx_auto_type
    Feature record: CXX_FEATURE:0cxx_binary_literals
    Feature record: CXX_FEATURE:0cxx_constexpr
    Feature record: CXX_FEATURE:0cxx_contextual_conversions
    Feature record: CXX_FEATURE:0cxx_decltype
    Feature record: CXX_FEATURE:0cxx_decltype_auto
    Feature record: CXX_FEATURE:0cxx_decltype_incomplete_return_types
    Feature record: CXX_FEATURE:0cxx_default_function_template_args
    Feature record: CXX_FEATURE:0cxx_defaulted_functions
    Feature record: CXX_FEATURE:0cxx_defaulted_move_initializers
    Feature record: CXX_FEATURE:0cxx_delegating_constructors
    Feature record: CXX_FEATURE:0cxx_deleted_functions
    Feature record: CXX_FEATURE:0cxx_digit_separators
    Feature record: CXX_FEATURE:0cxx_enum_forward_declarations
    Feature record: CXX_FEATURE:0cxx_explicit_conversions
    Feature record: CXX_FEATURE:0cxx_extended_friend_declarations
    Feature record: CXX_FEATURE:0cxx_extern_templates
    Feature record: CXX_FEATURE:0cxx_final
    Feature record: CXX_FEATURE:0cxx_func_identifier
    Feature record: CXX_FEATURE:0cxx_generalized_initializers
    Feature record: CXX_FEATURE:0cxx_generic_lambdas
    Feature record: CXX_FEATURE:0cxx_inheriting_constructors
    Feature record: CXX_FEATURE:0cxx_inline_namespaces
    Feature record: CXX_FEATURE:0cxx_lambdas
    Feature record: CXX_FEATURE:0cxx_lambda_init_captures
    Feature record: CXX_FEATURE:0cxx_local_type_template_args
    Feature record: CXX_FEATURE:0cxx_long_long_type
    Feature record: CXX_FEATURE:0cxx_noexcept
    Feature record: CXX_FEATURE:0cxx_nonstatic_member_init
    Feature record: CXX_FEATURE:0cxx_nullptr
    Feature record: CXX_FEATURE:0cxx_override
    Feature record: CXX_FEATURE:0cxx_range_for
    Feature record: CXX_FEATURE:0cxx_raw_string_literals
    Feature record: CXX_FEATURE:0cxx_reference_qualified_functions
    Feature record: CXX_FEATURE:0cxx_relaxed_constexpr
    Feature record: CXX_FEATURE:0cxx_return_type_deduction
    Feature record: CXX_FEATURE:0cxx_right_angle_brackets
    Feature record: CXX_FEATURE:0cxx_rvalue_references
    Feature record: CXX_FEATURE:0cxx_sizeof_member
    Feature record: CXX_FEATURE:0cxx_static_assert
    Feature record: CXX_FEATURE:0cxx_strong_enums
    Feature record: CXX_FEATURE:1cxx_template_template_parameters
    Feature record: CXX_FEATURE:0cxx_thread_local
    Feature record: CXX_FEATURE:0cxx_trailing_return_types
    Feature record: CXX_FEATURE:0cxx_unicode_literals
    Feature record: CXX_FEATURE:0cxx_uniform_initialization
    Feature record: CXX_FEATURE:0cxx_unrestricted_unions
    Feature record: CXX_FEATURE:0cxx_user_literals
    Feature record: CXX_FEATURE:0cxx_variable_templates
    Feature record: CXX_FEATURE:0cxx_variadic_macros
    Feature record: CXX_FEATURE:0cxx_variadic_templates
